Arguments: 
  C:\node.exe D:\PROGRAMAS\bin\yarn.js add eslint eslint-config-airbnb eslint-config-prettier eslint-plugin-jsxa11y eslint-plugin-prettier eslint-plugin-react eslint-plugin-react-hooks eslint-plugin-testing-library prettier --save-dev

PATH: 
  C:\Program Files (x86)\Common Files\Oracle\Java\javapath;C:\ProgramData\Oracle\Java\javapath;C:\Python310\Scripts\;C:\Python310\;C:\Windows\system32;C:\Windows;C:\Windows\System32\Wbem;C:\Windows\System32\WindowsPowerShell\v1.0\;C:\Windows\System32\OpenSSH\;C:\ProgramData\chocolatey\bin;;C:\Program Files\NVIDIA Corporation\NVIDIA NvDLISR;C:\Program Files (x86)\NVIDIA Corporation\PhysX\Common;D:\PROGRAMAS\bin\;C:\;C:\Program Files\Docker\Docker\resources\bin;C:\ProgramData\DockerDesktop\version-bin;C:\Users\anala\AppData\Local\Microsoft\WindowsApps;D:\PROGRAMAS\Microsoft VS Code\bin;C:\Users\anala\AppData\Local\Yarn\bin;C:\Users\anala\AppData\Roaming\npm

Yarn version: 
  1.23.0-20200615.1913

Node version: 
  16.14.0

Platform: 
  win32 x64

Trace: 
  Error: https://registry.yarnpkg.com/eslint-plugin-jsxa11y: Not found
      at Request.params.callback [as _callback] (D:\PROGRAMAS\lib\cli.js:66097:18)
      at Request.self.callback (D:\PROGRAMAS\lib\cli.js:140749:22)
      at Request.emit (node:events:520:28)
      at Request.<anonymous> (D:\PROGRAMAS\lib\cli.js:141721:10)
      at Request.emit (node:events:520:28)
      at IncomingMessage.<anonymous> (D:\PROGRAMAS\lib\cli.js:141643:12)
      at Object.onceWrapper (node:events:639:28)
      at IncomingMessage.emit (node:events:532:35)
      at endReadableNT (node:internal/streams/readable:1346:12)
      at processTicksAndRejections (node:internal/process/task_queues:83:21)

npm manifest: 
  {
    "name": "todo",
    "version": "0.1.0",
    "private": true,
    "dependencies": {
      "@testing-library/jest-dom": "^5.16.2",
      "@testing-library/react": "^12.1.3",
      "@testing-library/user-event": "^13.5.0",
      "react": "^17.0.2",
      "react-dom": "^17.0.2",
      "react-scripts": "5.0.0",
      "web-vitals": "^2.1.4"
    },
    "scripts": {
      "start": "react-scripts start",
      "build": "react-scripts build",
      "test": "react-scripts test",
      "eject": "react-scripts eject"
    },
    "eslintConfig": {
      "extends": [
        "react-app",
        "react-app/jest"
      ]
    },
    "browserslist": {
      "production": [
        ">0.2%",
        "not dead",
        "not op_mini all"
      ],
      "development": [
        "last 1 chrome version",
        "last 1 firefox version",
        "last 1 safari version"
      ]
    }
  }

yarn manifest: 
  No manifest

Lockfile: 
  No lockfile
